Flutter crash report.
Please report a bug at https://github.com/flutter/flutter/issues.

## command

flutter run --machine --start-paused -d chrome --devtools-server-address http://127.0.0.1:9100/ --target C:\ECN\techracho\osc_facial_controller\lib\main.dart

## exception

SocketException: SocketException: リモート コンピューターによりネットワーク接続が拒否されました。
 (OS Error: リモート コンピューターによりネットワーク接続が拒否されました。
, errno = 1225), address = localhost, port = 56552

```
#0      _NativeSocket.startConnect (dart:io-patch/socket_patch.dart:721:35)
#1      _RawSocket.startConnect (dart:io-patch/socket_patch.dart:1920:26)
#2      RawSocket.startConnect (dart:io-patch/socket_patch.dart:27:23)
#3      Socket._startConnect (dart:io-patch/socket_patch.dart:2144:22)
#4      Socket.startConnect (dart:io/socket.dart:825:21)
#5      _ConnectionTarget.connect (dart:_http/http_impl.dart:2491:20)
#6      _HttpClient._getConnection.connect (dart:_http/http_impl.dart:2930:12)
#7      _HttpClient._getConnection (dart:_http/http_impl.dart:2935:12)
#8      _HttpClient._openUrl (dart:_http/http_impl.dart:2790:12)
#9      _HttpClient.getUrl (dart:_http/http_impl.dart:2632:48)
#10     ChromeConnection.getUrl (package:webkit_inspection_protocol/webkit_inspection_protocol.dart:108:33)
#11     ChromeConnection.getTabs (package:webkit_inspection_protocol/webkit_inspection_protocol.dart:53:26)
#12     ChromeConnection.getTab (package:webkit_inspection_protocol/webkit_inspection_protocol.dart:90:31)
#13     Chromium.close (package:flutter_tools/src/web/chrome.dart:510:53)
#14     ChromiumDevice.stopApp (package:flutter_tools/src/web/web_device.dart:164:20)
#15     ResidentWebRunner._cleanup (package:flutter_tools/src/isolated/resident_web_runner.dart:203:27)
<asynchronous suspension>
#16     ResidentWebRunner.cleanupAtFinish (package:flutter_tools/src/isolated/resident_web_runner.dart:191:5)
<asynchronous suspension>
#17     ResidentRunner.waitForAppToFinish (package:flutter_tools/src/resident_runner.dart:1482:5)
<asynchronous suspension>
#18     RunCommand.runCommand (package:flutter_tools/src/commands/run.dart:788:26)
<asynchronous suspension>
#19     FlutterCommand.run.<anonymous closure> (package:flutter_tools/src/runner/flutter_command.dart:1408:27)
<asynchronous suspension>
#20     AppContext.run.<anonymous closure> (package:flutter_tools/src/base/context.dart:153:19)
<asynchronous suspension>
#21     CommandRunner.runCommand (package:args/command_runner.dart:212:13)
<asynchronous suspension>
#22     FlutterCommandRunner.runCommand.<anonymous closure> (package:flutter_tools/src/runner/flutter_command_runner.dart:420:9)
<asynchronous suspension>
#23     AppContext.run.<anonymous closure> (package:flutter_tools/src/base/context.dart:153:19)
<asynchronous suspension>
#24     FlutterCommandRunner.runCommand (package:flutter_tools/src/runner/flutter_command_runner.dart:364:5)
<asynchronous suspension>
#25     run.<anonymous closure>.<anonymous closure> (package:flutter_tools/runner.dart:130:9)
<asynchronous suspension>
#26     AppContext.run.<anonymous closure> (package:flutter_tools/src/base/context.dart:153:19)
<asynchronous suspension>
#27     main (package:flutter_tools/executable.dart:93:3)
<asynchronous suspension>
```

## flutter doctor

```
[✓] Flutter (Channel stable, 3.24.0, on Microsoft Windows [Version 10.0.22631.4112], locale ja-JP)
    • Flutter version 3.24.0 on channel stable at C:\Users\1219m\flutter
    • Upstream repository https://github.com/flutter/flutter.git
    • Framework revision 80c2e84975 (4 weeks ago), 2024-07-30 23:06:49 +0700
    • Engine revision b8800d88be
    • Dart version 3.5.0
    • DevTools version 2.37.2

[☠] Windows Version (the doctor check crashed)
    ✗ Due to an error, the doctor check did not complete. If the error message below is not helpful, please let us know about this issue at https://github.com/flutter/flutter/issues.
    ✗ ProcessException: Failed to find "powershell" in the search path.
        Command: powershell 
    • #0      LocalProcessManager.run (package:process/src/interface/local_process_manager.dart:87:7)
      #1      ErrorHandlingProcessManager.run.<anonymous closure> (package:flutter_tools/src/base/error_handling_io.dart:674:24)
      #2      _run (package:flutter_tools/src/base/error_handling_io.dart:569:20)
      #3      ErrorHandlingProcessManager.run (package:flutter_tools/src/base/error_handling_io.dart:673:12)
      #4      ProcessLister.getProcessesWithPath (package:flutter_tools/src/windows/windows_version_validator.dart:111:27)
      #5      WindowsVersionValidator._topazScan (package:flutter_tools/src/windows/windows_version_validator.dart:40:69)
      #6      WindowsVersionValidator.validate (package:flutter_tools/src/windows/windows_version_validator.dart:81:15)
      #7      Doctor.startValidatorTasks.<anonymous closure> (package:flutter_tools/src/doctor.dart:247:72)
      #8      asyncGuard.<anonymous closure> (package:flutter_tools/src/base/async_guard.dart:111:32)
      #9      _rootRun (dart:async/zone.dart:1399:13)
      #10     _CustomZone.run (dart:async/zone.dart:1301:19)
      #11     _runZoned (dart:async/zone.dart:1826:10)
      #12     runZonedGuarded (dart:async/zone.dart:1814:12)
      #13     runZoned (dart:async/zone.dart:1760:12)
      #14     asyncGuard (package:flutter_tools/src/base/async_guard.dart:109:3)
      #15     Doctor.startValidatorTasks (package:flutter_tools/src/doctor.dart:239:9)
      #16     DoctorText._validatorTasks (package:flutter_tools/src/doctor.dart:768:60)
      #17     DoctorText._validatorTasks (package:flutter_tools/src/doctor.dart)
      #18     DoctorText._runDiagnosis (package:flutter_tools/src/doctor.dart:772:53)
      #19     DoctorText.text (package:flutter_tools/src/doctor.dart:764:36)
      #20     DoctorText.text (package:flutter_tools/src/doctor.dart)
      #21     _createLocalCrashReport (package:flutter_tools/runner.dart:273:51)
      #22     _handleToolError (package:flutter_tools/runner.dart:235:31)
      <asynchronous suspension>
      #23     AppContext.run.<anonymous closure> (package:flutter_tools/src/base/context.dart:153:19)
      <asynchronous suspension>
      #24     main (package:flutter_tools/executable.dart:93:3)
      <asynchronous suspension>


[!] Android toolchain - develop for Android devices (Android SDK version 35.0.0)
    • Android SDK at C:\Users\1219m\AppData\Local\Android\sdk
    ✗ cmdline-tools component is missing
      Run `path/to/sdkmanager --install "cmdline-tools;latest"`
      See https://developer.android.com/studio/command-line for more details.
    ✗ Android license status unknown.
      Run `flutter doctor --android-licenses` to accept the SDK licenses.
      See https://flutter.dev/to/windows-android-setup for more details.

[✓] Chrome - develop for the web
    • Chrome at C:\Program Files\Google\Chrome\Application\chrome.exe

[✗] Visual Studio - develop Windows apps
    ✗ Visual Studio not installed; this is necessary to develop Windows apps.
      Download at https://visualstudio.microsoft.com/downloads/.
      Please install the "Desktop development with C++" workload, including all of its default components

[✓] Android Studio (version 2024.1)
    • Android Studio at C:\Program Files\Android\Android Studio
    • Flutter plugin can be installed from:
      🔨 https://plugins.jetbrains.com/plugin/9212-flutter
    • Dart plugin can be installed from:
      🔨 https://plugins.jetbrains.com/plugin/6351-dart
    • Java version OpenJDK Runtime Environment (build 17.0.11+0--11852314)

[✓] VS Code (version 1.92.2)
    • VS Code at C:\Users\1219m\AppData\Local\Programs\Microsoft VS Code
    • Flutter extension version 3.94.0

[✓] Connected device (3 available)
    • Windows (desktop) • windows • windows-x64    • Microsoft Windows [Version 10.0.22631.4112]
    • Chrome (web)      • chrome  • web-javascript • Google Chrome 128.0.6613.85
    • Edge (web)        • edge    • web-javascript • Microsoft Edge 127.0.2651.105

[✓] Network resources
    • All expected network resources are available.

! Doctor found issues in 3 categories.
```
